[03-May-2023 19:31:00 UTC] PHP Warning:  Undefined array key "extension" in C:\Users\tbarron\Local Sites\bourbon-tours\app\public\wp-content\plugins\blocksy-companion\framework\features\demo-install\options-import.php on line 380
[03-May-2023 19:31:00 UTC] PHP Warning:  Undefined array key "height" in C:\Users\tbarron\Local Sites\bourbon-tours\app\public\wp-content\plugins\blocksy-companion\framework\features\demo-install\options-import.php on line 388
[03-May-2023 19:31:00 UTC] PHP Warning:  Undefined array key "width" in C:\Users\tbarron\Local Sites\bourbon-tours\app\public\wp-content\plugins\blocksy-companion\framework\features\demo-install\options-import.php on line 389
[03-May-2023 19:31:00 UTC] PHP Warning:  Undefined array key "height" in C:\Users\tbarron\Local Sites\bourbon-tours\app\public\wp-content\plugins\blocksy-companion\framework\features\demo-install\options-import.php on line 393
[03-May-2023 19:31:00 UTC] PHP Warning:  Undefined array key "width" in C:\Users\tbarron\Local Sites\bourbon-tours\app\public\wp-content\plugins\blocksy-companion\framework\features\demo-install\options-import.php on line 394
[03-May-2023 19:33:31 UTC] PHP Warning:  Undefined array key 0 in C:\Users\tbarron\Local Sites\bourbon-tours\app\public\wp-includes\media.php on line 1036
[03-May-2023 19:33:31 UTC] PHP Warning:  Undefined array key 0 in C:\Users\tbarron\Local Sites\bourbon-tours\app\public\wp-includes\media.php on line 1036
[04-May-2023 11:55:44 UTC] PHP Warning:  Undefined array key 0 in C:\Users\tbarron\Local Sites\bourbon-tours\app\public\wp-includes\media.php on line 1036
[04-May-2023 11:55:44 UTC] PHP Warning:  Undefined array key 0 in C:\Users\tbarron\Local Sites\bourbon-tours\app\public\wp-includes\media.php on line 1036
[04-May-2023 13:10:37 UTC] PHP Warning:  Undefined array key 0 in C:\Users\tbarron\Local Sites\bourbon-tours\app\public\wp-includes\media.php on line 1036
[04-May-2023 13:10:37 UTC] PHP Warning:  Undefined array key 0 in C:\Users\tbarron\Local Sites\bourbon-tours\app\public\wp-includes\media.php on line 1036
[04-May-2023 14:27:40 UTC] PHP Warning:  Undefined array key 0 in C:\Users\tbarron\Local Sites\bourbon-tours\app\public\wp-includes\media.php on line 1036
[04-May-2023 14:27:40 UTC] PHP Warning:  Undefined array key 0 in C:\Users\tbarron\Local Sites\bourbon-tours\app\public\wp-includes\media.php on line 1036
[04-May-2023 14:27:51 UTC] PHP Warning:  Undefined array key 0 in C:\Users\tbarron\Local Sites\bourbon-tours\app\public\wp-includes\media.php on line 1036
[04-May-2023 14:27:51 UTC] PHP Warning:  Undefined array key 0 in C:\Users\tbarron\Local Sites\bourbon-tours\app\public\wp-includes\media.php on line 1036
[04-May-2023 14:29:28 UTC] PHP Warning:  Undefined array key 0 in C:\Users\tbarron\Local Sites\bourbon-tours\app\public\wp-includes\media.php on line 1036
[04-May-2023 14:29:28 UTC] PHP Warning:  Undefined array key 0 in C:\Users\tbarron\Local Sites\bourbon-tours\app\public\wp-includes\media.php on line 1036
[04-May-2023 14:30:13 UTC] PHP Warning:  Undefined array key "conditions" in C:\Users\tbarron\Local Sites\bourbon-tours\app\public\wp-includes\class-wp-list-util.php on line 170
[04-May-2023 18:22:06 UTC] PHP Warning:  Undefined array key 0 in C:\Users\tbarron\Local Sites\bourbon-tours\app\public\wp-includes\media.php on line 1036
[04-May-2023 18:22:06 UTC] PHP Warning:  Undefined array key 0 in C:\Users\tbarron\Local Sites\bourbon-tours\app\public\wp-includes\media.php on line 1036
[04-May-2023 18:22:18 UTC] PHP Warning:  Undefined array key "conditions" in C:\Users\tbarron\Local Sites\bourbon-tours\app\public\wp-includes\class-wp-list-util.php on line 170
[04-May-2023 18:47:36 UTC] PHP Warning:  Undefined array key 0 in C:\Users\tbarron\Local Sites\bourbon-tours\app\public\wp-includes\media.php on line 1036
[04-May-2023 18:47:36 UTC] PHP Warning:  Undefined array key 0 in C:\Users\tbarron\Local Sites\bourbon-tours\app\public\wp-includes\media.php on line 1036
[04-May-2023 19:17:31 UTC] PHP Warning:  Undefined array key 0 in C:\Users\tbarron\Local Sites\bourbon-tours\app\public\wp-includes\media.php on line 1036
[04-May-2023 19:17:31 UTC] PHP Warning:  Undefined array key 0 in C:\Users\tbarron\Local Sites\bourbon-tours\app\public\wp-includes\media.php on line 1036
[04-May-2023 19:23:28 UTC] PHP Warning:  Undefined array key "conditions" in C:\Users\tbarron\Local Sites\bourbon-tours\app\public\wp-includes\class-wp-list-util.php on line 170
[04-May-2023 19:26:19 UTC] PHP Warning:  Undefined array key 0 in C:\Users\tbarron\Local Sites\bourbon-tours\app\public\wp-includes\media.php on line 1036
[04-May-2023 19:26:19 UTC] PHP Warning:  Undefined array key 0 in C:\Users\tbarron\Local Sites\bourbon-tours\app\public\wp-includes\media.php on line 1036
[04-May-2023 19:26:49 UTC] PHP Warning:  Undefined array key "conditions" in C:\Users\tbarron\Local Sites\bourbon-tours\app\public\wp-includes\class-wp-list-util.php on line 170
[04-May-2023 19:27:33 UTC] PHP Warning:  Undefined array key 0 in C:\Users\tbarron\Local Sites\bourbon-tours\app\public\wp-includes\media.php on line 1036
[04-May-2023 19:27:33 UTC] PHP Warning:  Undefined array key 0 in C:\Users\tbarron\Local Sites\bourbon-tours\app\public\wp-includes\media.php on line 1036
[04-May-2023 19:29:31 UTC] PHP Warning:  Undefined array key 0 in C:\Users\tbarron\Local Sites\bourbon-tours\app\public\wp-includes\media.php on line 1036
[04-May-2023 19:29:31 UTC] PHP Warning:  Undefined array key 0 in C:\Users\tbarron\Local Sites\bourbon-tours\app\public\wp-includes\media.php on line 1036
[04-May-2023 19:43:29 UTC] PHP Warning:  Undefined array key 0 in C:\Users\tbarron\Local Sites\bourbon-tours\app\public\wp-includes\media.php on line 1036
[04-May-2023 19:43:29 UTC] PHP Warning:  Undefined array key 0 in C:\Users\tbarron\Local Sites\bourbon-tours\app\public\wp-includes\media.php on line 1036
[05-May-2023 11:59:00 UTC] PHP Warning:  Undefined array key 0 in C:\Users\tbarron\Local Sites\bourbon-tours\app\public\wp-includes\media.php on line 1036
[05-May-2023 11:59:00 UTC] PHP Warning:  Undefined array key 0 in C:\Users\tbarron\Local Sites\bourbon-tours\app\public\wp-includes\media.php on line 1036
[05-May-2023 18:50:39 UTC] PHP Warning:  Undefined array key 0 in C:\Users\tbarron\Local Sites\bourbon-tours\app\public\wp-includes\media.php on line 1036
[05-May-2023 18:50:39 UTC] PHP Warning:  Undefined array key 0 in C:\Users\tbarron\Local Sites\bourbon-tours\app\public\wp-includes\media.php on line 1036
[05-May-2023 19:43:35 UTC] PHP Warning:  Undefined array key "extension" in C:\Users\tbarron\Local Sites\bourbon-tours\app\public\wp-content\plugins\blocksy-companion\framework\features\demo-install\options-import.php on line 380
[05-May-2023 19:43:35 UTC] PHP Warning:  Undefined array key "height" in C:\Users\tbarron\Local Sites\bourbon-tours\app\public\wp-content\plugins\blocksy-companion\framework\features\demo-install\options-import.php on line 388
[05-May-2023 19:43:35 UTC] PHP Warning:  Undefined array key "width" in C:\Users\tbarron\Local Sites\bourbon-tours\app\public\wp-content\plugins\blocksy-companion\framework\features\demo-install\options-import.php on line 389
[05-May-2023 19:43:35 UTC] PHP Warning:  Undefined array key "height" in C:\Users\tbarron\Local Sites\bourbon-tours\app\public\wp-content\plugins\blocksy-companion\framework\features\demo-install\options-import.php on line 393
[05-May-2023 19:43:35 UTC] PHP Warning:  Undefined array key "width" in C:\Users\tbarron\Local Sites\bourbon-tours\app\public\wp-content\plugins\blocksy-companion\framework\features\demo-install\options-import.php on line 394
[05-May-2023 19:43:39 UTC] PHP Warning:  Undefined array key "extension" in C:\Users\tbarron\Local Sites\bourbon-tours\app\public\wp-content\plugins\blocksy-companion\framework\features\demo-install\options-import.php on line 380
[05-May-2023 19:43:39 UTC] PHP Warning:  Undefined array key "height" in C:\Users\tbarron\Local Sites\bourbon-tours\app\public\wp-content\plugins\blocksy-companion\framework\features\demo-install\options-import.php on line 388
[05-May-2023 19:43:39 UTC] PHP Warning:  Undefined array key "width" in C:\Users\tbarron\Local Sites\bourbon-tours\app\public\wp-content\plugins\blocksy-companion\framework\features\demo-install\options-import.php on line 389
[05-May-2023 19:43:39 UTC] PHP Warning:  Undefined array key "height" in C:\Users\tbarron\Local Sites\bourbon-tours\app\public\wp-content\plugins\blocksy-companion\framework\features\demo-install\options-import.php on line 393
[05-May-2023 19:43:39 UTC] PHP Warning:  Undefined array key "width" in C:\Users\tbarron\Local Sites\bourbon-tours\app\public\wp-content\plugins\blocksy-companion\framework\features\demo-install\options-import.php on line 394
[11-May-2023 19:55:24 UTC] PHP Warning:  Undefined array key "width" in C:\Users\tbarron\Local Sites\bourbon-tours\app\public\wp-admin\includes\image.php on line 108
[11-May-2023 19:55:24 UTC] PHP Warning:  Undefined array key "height" in C:\Users\tbarron\Local Sites\bourbon-tours\app\public\wp-admin\includes\image.php on line 109
[11-May-2023 20:01:50 UTC] PHP Warning:  Undefined array key "conditions" in C:\Users\tbarron\Local Sites\bourbon-tours\app\public\wp-includes\class-wp-list-util.php on line 170
[11-May-2023 20:01:53 UTC] PHP Warning:  Undefined array key "conditions" in C:\Users\tbarron\Local Sites\bourbon-tours\app\public\wp-includes\class-wp-list-util.php on line 170
[11-May-2023 20:04:25 UTC] PHP Warning:  Undefined array key "conditions" in C:\Users\tbarron\Local Sites\bourbon-tours\app\public\wp-includes\class-wp-list-util.php on line 170
[11-May-2023 20:04:26 UTC] PHP Warning:  Undefined array key "conditions" in C:\Users\tbarron\Local Sites\bourbon-tours\app\public\wp-includes\class-wp-list-util.php on line 170
[11-May-2023 20:04:34 UTC] PHP Warning:  Undefined array key "conditions" in C:\Users\tbarron\Local Sites\bourbon-tours\app\public\wp-includes\class-wp-list-util.php on line 170
[11-May-2023 20:04:35 UTC] PHP Warning:  Undefined array key "conditions" in C:\Users\tbarron\Local Sites\bourbon-tours\app\public\wp-includes\class-wp-list-util.php on line 170
[13-May-2023 17:23:04 UTC] PHP Warning:  Undefined array key "conditions" in C:\Users\tbarron\Local Sites\bourbon-tours\app\public\wp-includes\class-wp-list-util.php on line 170
[13-May-2023 17:23:07 UTC] PHP Warning:  Undefined array key "conditions" in C:\Users\tbarron\Local Sites\bourbon-tours\app\public\wp-includes\class-wp-list-util.php on line 170
[16-May-2023 10:33:24 UTC] PHP Warning:  Undefined array key "width" in C:\Users\tbarron\Local Sites\bourbon-tours\app\public\wp-admin\includes\image.php on line 108
[16-May-2023 10:33:24 UTC] PHP Warning:  Undefined array key "height" in C:\Users\tbarron\Local Sites\bourbon-tours\app\public\wp-admin\includes\image.php on line 109
[16-May-2023 11:02:28 UTC] Cron reschedule event error for hook: action_scheduler_run_queue, Error code: could_not_set, Error message: The cron event list could not be saved., Data: {"schedule":"every_minute","args":["WP Cron"],"interval":60}
